<?xml version="1.0" encoding="UTF-8"?>
<!-- Generated by org.testng.reporters.JUnitReportReporter -->
<testsuite hostname="Rakshitha" failures="0" tests="1" name="com.parabank.tests.ClaimsTests" time="13.836" errors="0" timestamp="2025-09-08T17:14:40 IST" skipped="0">
  <testcase classname="com.parabank.tests.ClaimsTests" name="submitClaim" time="13.836"/>
</testsuite> <!-- com.parabank.tests.ClaimsTests -->
