<?xml version="1.0" encoding="UTF-8"?>
<!-- Generated by org.testng.reporters.JUnitReportReporter -->
<testsuite hostname="Rakshitha" failures="0" tests="2" name="com.parabank.tests.PolicyCreationTests" time="15.165" errors="0" timestamp="2025-09-08T17:14:40 IST" skipped="0">
  <testcase classname="com.parabank.tests.PolicyCreationTests" name="createPolicy" time="7.730"/>
  <testcase classname="com.parabank.tests.PolicyCreationTests" name="createPolicy" time="7.435"/>
</testsuite> <!-- com.parabank.tests.PolicyCreationTests -->
