<?xml version="1.0" encoding="UTF-8"?>
<!-- Generated by org.testng.reporters.JUnitReportReporter -->
<testsuite hostname="Rakshitha" failures="0" tests="4" name="com.parabank.tests.PremiumCalculationTests" time="16.556" errors="0" timestamp="2025-09-08T17:14:40 IST" skipped="0">
  <testcase classname="com.parabank.tests.PremiumCalculationTests" name="validatePremium" time="4.146"/>
  <testcase classname="com.parabank.tests.PremiumCalculationTests" name="validatePremium" time="3.738"/>
  <testcase classname="com.parabank.tests.PremiumCalculationTests" name="validatePremium" time="4.930"/>
  <testcase classname="com.parabank.tests.PremiumCalculationTests" name="validatePremium" time="3.742"/>
</testsuite> <!-- com.parabank.tests.PremiumCalculationTests -->
